<?xml version="1.0" encoding="UTF-8"?>
<!-- Generated by org.testng.reporters.JUnitXMLReporter -->
<testsuite hostname="KishorE" name="Test" tests="6" failures="0" timestamp="9 Dec 2017 15:51:41 GMT" time="442.331" errors="0">
  <testcase name="logInLogOut" time="3.745" classname="testcases.TC001_LoginLogOut"/>
  <testcase name="logInLogOut" time="3.597" classname="testcases.TC001_LoginLogOut"/>
  <testcase name="loginFail" time="2.953" classname="testcases.TC002_LoginNegative"/>
  <testcase name="loginFail" time="2.429" classname="testcases.TC002_LoginNegative"/>
  <testcase name="loginFail" time="3.067" classname="testcases.TC002_LoginNegative"/>
  <testcase name="loginFail" time="2.589" classname="testcases.TC002_LoginNegative"/>
</testsuite> <!-- Test -->
